--------------- Build Started: 06/26/2020 00:51:29 Project: DemoNixieV2, Configuration: ARM GCC 5.4-2016-q2-update Release ---------------
The code generation step is up to date.
The compile step is up to date, no work needs to be done.
The link step is up to date, no work needs to be done.
arm-none-eabi-gcc.exe -mcpu=cortex-m4 -mfloat-abi=softfp -mfpu=fpv4-sp-d16 -mthumb -I. -IGenerated_Source\PSoC6 -IGenerated_Source\PSoC6\pdl\cmsis/include/ -IGenerated_Source\PSoC6\pdl\devices/psoc6/include/ -IGenerated_Source\PSoC6\pdl\devices/psoc6/include/ip/ -IGenerated_Source\PSoC6\pdl\drivers/peripheral/ -IGenerated_Source\PSoC6\pdl\drivers/peripheral/device/ -IGenerated_Source\PSoC6\pdl\drivers/peripheral/efuse/ -IGenerated_Source\PSoC6\pdl\drivers/peripheral/flash/ -IGenerated_Source\PSoC6\pdl\drivers/peripheral/gpio/ -IGenerated_Source\PSoC6\pdl\drivers/peripheral/ipc/ -IGenerated_Source\PSoC6\pdl\drivers/peripheral/lvd/ -IGenerated_Source\PSoC6\pdl\drivers/peripheral/profile/ -IGenerated_Source\PSoC6\pdl\drivers/peripheral/prot/ -IGenerated_Source\PSoC6\pdl\drivers/peripheral/rtc/ -IGenerated_Source\PSoC6\pdl\drivers/peripheral/scb/ -IGenerated_Source\PSoC6\pdl\drivers/peripheral/sysanalog/ -IGenerated_Source\PSoC6\pdl\drivers/peripheral/sysclk/ -IGenerated_Source\PSoC6\pdl\drivers/peripheral/sysint/ -IGenerated_Source\PSoC6\pdl\drivers/peripheral/syslib/ -IGenerated_Source\PSoC6\pdl\drivers/peripheral/syspm/ -IGenerated_Source\PSoC6\pdl\drivers/peripheral/systick/ -IGenerated_Source\PSoC6\pdl\drivers/peripheral/tcpwm/ -IGenerated_Source\PSoC6\pdl\drivers/peripheral/trigmux/ -IGenerated_Source\PSoC6\pdl\drivers/peripheral/wdt/ -IGenerated_Source\PSoC6\pdl\middleware/ -IGenerated_Source\PSoC6\pdl\middleware/em_eeprom/ -Wa,-alh=.\CortexM4\ARM_GCC_541\Release/main_cm4.lst -g -D NDEBUG -D CY_CORE_ID=0 -D CY_PSOC_CREATOR_USED=1 -D CYBLE_416045_02 -Wall -ffunction-sections -ffat-lto-objects -Os -c main_cm4.c -o .\CortexM4\ARM_GCC_541\Release\main_cm4.o
main_cm4.c: In function 'GeneralEventHandler':
main_cm4.c:179:17: warning: format '%x' expects argument of type 'unsigned int', but argument 3 has type 'uint32 {aka long unsigned int}' [-Wformat=]
     sprintf(str,"receive event 0x%x\n", event);
                 ^
main_cm4.c:179:17: warning: format '%x' expects argument of type 'unsigned int', but argument 3 has type 'uint32 {aka long unsigned int}' [-Wformat=]
main_cm4.c:399:33: warning: format '%d' expects argument of type 'int', but argument 3 has type 'uint32_t {aka long unsigned int}' [-Wformat=]
             sprintf(dbgMessage, "CY_BLE_EVT_GAP_PASSKEY_DISPLAY_REQUEST: %6.6d\r\n", *(uint32_t *)eventParam);
                                 ^
main_cm4.c:399:33: warning: format '%d' expects argument of type 'int', but argument 3 has type 'uint32_t {aka long unsigned int}' [-Wformat=]
main_cm4.c:404:33: warning: format '%u' expects argument of type 'unsigned int', but argument 3 has type 'uint32_t {aka long unsigned int}' [-Wformat=]
             sprintf(dbgMessage, "Compare this passkey with the one displayed in your peer device and press 'y' or 'n':"
                                 ^
main_cm4.c:404:33: warning: format '%u' expects argument of type 'unsigned int', but argument 3 has type 'uint32_t {aka long unsigned int}' [-Wformat=]
main_cm4.c:185:41: warning: variable 'dataHandle' set but not used [-Wunused-but-set-variable]
     cy_stc_ble_gatt_handle_value_pair_t dataHandle;
                                         ^
main_cm4.c:183:12: warning: unused variable 'dataR' [-Wunused-variable]
     uint8 *dataR;
            ^
arm-none-eabi-gcc.exe -Wl,--start-group -o F:\demoNixie\demoNixie\DemoNixieV2.cydsn\CortexM4\ARM_GCC_541\Release\DemoNixieV2_link.elf Generated_Source\PSoC6\pdl\middleware\ble\lib\cy_ble_stack_gcc_host_soft_cm4.a Generated_Source\PSoC6\pdl\middleware\ble\lib\cy_ble_stack_gcc_controller_soft_cm4.a Generated_Source\PSoC6\pdl\middleware\ble\lib\cy_ble_stack_gcc_manager_soft_cm4.a .\CortexM4\ARM_GCC_541\Release\startup_psoc6_01_cm4.o .\CortexM4\ARM_GCC_541\Release\main_cm4.o .\CortexM4\ARM_GCC_541\Release\system_psoc6_cm4.o .\CortexM4\ARM_GCC_541\Release\cyfitter_sysint_cfg.o .\CortexM4\ARM_GCC_541\Release\cymetadata.o .\CortexM4\ARM_GCC_541\Release\cy_sysint.o .\CortexM4\ARM_GCC_541\Release\cy_ipc_drv.o .\CortexM4\ARM_GCC_541\Release\cy_ipc_sema.o .\CortexM4\ARM_GCC_541\Release\cy_ipc_pipe.o .\CortexM4\ARM_GCC_541\Release\cy_sysclk.o .\CortexM4\ARM_GCC_541\Release\cy_wdt.o .\CortexM4\ARM_GCC_541\Release\cy_efuse.o .\CortexM4\ARM_GCC_541\Release\cy_flash.o .\CortexM4\ARM_GCC_541\Release\cy_gpio.o .\CortexM4\ARM_GCC_541\Release\cy_sysanalog.o .\CortexM4\ARM_GCC_541\Release\cy_syspm.o .\CortexM4\ARM_GCC_541\Release\cy_syslib.o .\CortexM4\ARM_GCC_541\Release\cy_syslib_gcc.o .\CortexM4\ARM_GCC_541\Release\cy_trigmux.o .\CortexM4\ARM_GCC_541\Release\cy_systick.o .\CortexM4\ARM_GCC_541\Release\cy_profile.o .\CortexM4\ARM_GCC_541\Release\cy_prot.o .\CortexM4\ARM_GCC_541\Release\cy_lvd.o .\CortexM4\ARM_GCC_541\Release\cy_scb_common.o .\CortexM4\ARM_GCC_541\Release\cy_scb_i2c.o .\CortexM4\ARM_GCC_541\Release\cy_scb_ezi2c.o .\CortexM4\ARM_GCC_541\Release\cy_scb_spi.o .\CortexM4\ARM_GCC_541\Release\cy_scb_uart.o .\CortexM4\ARM_GCC_541\Release\cy_tcpwm_counter.o .\CortexM4\ARM_GCC_541\Release\cy_tcpwm_pwm.o .\CortexM4\ARM_GCC_541\Release\cy_tcpwm_quaddec.o .\CortexM4\ARM_GCC_541\Release\cy_device.o .\CortexM4\ARM_GCC_541\Release\cy_rtc.o .\CortexM4\ARM_GCC_541\Release\cy_ble.o .\CortexM4\ARM_GCC_541\Release\cy_ble_hal_int.o .\CortexM4\ARM_GCC_541\Release\cy_ble_hal_pvt.o .\CortexM4\ARM_GCC_541\Release\cy_ble_gap.o .\CortexM4\ARM_GCC_541\Release\cy_ble_gatt.o .\CortexM4\ARM_GCC_541\Release\cy_ble_event_handler.o .\CortexM4\ARM_GCC_541\Release\cy_ble_ancs.o .\CortexM4\ARM_GCC_541\Release\cy_ble_ans.o .\CortexM4\ARM_GCC_541\Release\cy_ble_aios.o .\CortexM4\ARM_GCC_541\Release\cy_ble_bas.o .\CortexM4\ARM_GCC_541\Release\cy_ble_bcs.o .\CortexM4\ARM_GCC_541\Release\cy_ble_bls.o .\CortexM4\ARM_GCC_541\Release\cy_ble_bms.o .\CortexM4\ARM_GCC_541\Release\cy_ble_bts.o .\CortexM4\ARM_GCC_541\Release\cy_ble_cgms.o .\CortexM4\ARM_GCC_541\Release\cy_ble_cps.o .\CortexM4\ARM_GCC_541\Release\cy_ble_cscs.o .\CortexM4\ARM_GCC_541\Release\cy_ble_cts.o .\CortexM4\ARM_GCC_541\Release\cy_ble_custom.o .\CortexM4\ARM_GCC_541\Release\cy_ble_dis.o .\CortexM4\ARM_GCC_541\Release\cy_ble_ess.o .\CortexM4\ARM_GCC_541\Release\cy_ble_gls.o .\CortexM4\ARM_GCC_541\Release\cy_ble_hids.o .\CortexM4\ARM_GCC_541\Release\cy_ble_hps.o .\CortexM4\ARM_GCC_541\Release\cy_ble_hrs.o .\CortexM4\ARM_GCC_541\Release\cy_ble_hts.o .\CortexM4\ARM_GCC_541\Release\cy_ble_ias.o .\CortexM4\ARM_GCC_541\Release\cy_ble_ips.o .\CortexM4\ARM_GCC_541\Release\cy_ble_lls.o .\CortexM4\ARM_GCC_541\Release\cy_ble_lns.o .\CortexM4\ARM_GCC_541\Release\cy_ble_ndcs.o .\CortexM4\ARM_GCC_541\Release\cy_ble_plxs.o .\CortexM4\ARM_GCC_541\Release\cy_ble_pass.o .\CortexM4\ARM_GCC_541\Release\cy_ble_rscs.o .\CortexM4\ARM_GCC_541\Release\cy_ble_rtus.o .\CortexM4\ARM_GCC_541\Release\cy_ble_scps.o .\CortexM4\ARM_GCC_541\Release\cy_ble_tps.o .\CortexM4\ARM_GCC_541\Release\cy_ble_uds.o .\CortexM4\ARM_GCC_541\Release\cy_ble_wpts.o .\CortexM4\ARM_GCC_541\Release\cy_ble_wss.o .\CortexM4\ARM_GCC_541\Release\cy_ble_clk.o .\CortexM4\ARM_GCC_541\Release\cy_em_eeprom.o .\CortexM4\ARM_GCC_541\Release\BLE.o .\CortexM4\ARM_GCC_541\Release\BLE_config.o .\CortexM4\ARM_GCC_541\Release\BLE_custom_config.o .\CortexM4\ARM_GCC_541\Release\DBG.o .\CortexM4\ARM_GCC_541\Release\PWMDriver.o .\CortexM4\ARM_GCC_541\Release\PWM_COM.o .\CortexM4\ARM_GCC_541\Release\TIMER.o .\CortexM4\ARM_GCC_541\Release\EEPROM.o .\CortexM4\ARM_GCC_541\Release\RTC_1.o -mcpu=cortex-m4 -mfloat-abi=softfp -mfpu=fpv4-sp-d16 -mthumb -L Generated_Source\PSoC6 -Wl,-Map,.\CortexM4\ARM_GCC_541\Release/DemoNixieV2.map -T cy8c6xx7_cm4_dual.ld -specs=nano.specs -Wl,--gc-sections -g -ffunction-sections -Os -ffat-lto-objects -Wl,--end-group
"C:\Program Files (x86)\Cypress\PDL\3.1.1\tools\win\elf\cymcuelftool.exe" --sign F:\demoNixie\demoNixie\DemoNixieV2.cydsn\CortexM4\ARM_GCC_541\Release\DemoNixieV2_link.elf --output F:\demoNixie\demoNixie\DemoNixieV2.cydsn\CortexM4\ARM_GCC_541\Release\DemoNixieV2_signed.elf --hex F:\demoNixie\demoNixie\DemoNixieV2.cydsn\CortexM4\ARM_GCC_541\Release\DemoNixieV2_signed.hex
No ELF section .cychecksum found, creating one
Application checksum calculated and stored in ELF section .cychecksum
Checksum calculated and stored in ELF section .cymeta
"C:\Program Files (x86)\Cypress\PDL\3.1.1\tools\win\elf\cymcuelftool.exe" --merge F:\demoNixie\demoNixie\DemoNixieV2.cydsn\CortexM4\ARM_GCC_541\Release\DemoNixieV2_signed.elf F:\demoNixie\demoNixie\DemoNixieV2.cydsn\CortexM0p\ARM_GCC_541\Release\DemoNixieV2.elf --output F:\demoNixie\demoNixie\DemoNixieV2.cydsn\CortexM4\ARM_GCC_541\Release\DemoNixieV2.elf --hex F:\demoNixie\demoNixie\DemoNixieV2.cydsn\CortexM4\ARM_GCC_541\Release\DemoNixieV2.hex
Application checksum calculated and stored in ELF section .cychecksum
Checksum calculated and stored in ELF section .cymeta
"C:\Program Files (x86)\Cypress\PDL\3.1.1\tools\win\elf\cymcuelftool.exe" -A F:\demoNixie\demoNixie\DemoNixieV2.cydsn\CortexM4\ARM_GCC_541\Release\DemoNixieV2.elf
code:182874	sram:14880
--------------- Build Succeeded: 06/26/2020 00:51:33 ---------------
