--------------- Rebuild Started: 06/26/2020 00:26:08 Project: main_cm4.c, Configuration: ARM GCC 5.4-2016-q2-update Release ---------------
arm-none-eabi-gcc.exe -mcpu=cortex-m4 -mfloat-abi=softfp -mfpu=fpv4-sp-d16 -mthumb -I. -IGenerated_Source\PSoC6 -IGenerated_Source\PSoC6\pdl\cmsis/include/ -IGenerated_Source\PSoC6\pdl\devices/psoc6/include/ -IGenerated_Source\PSoC6\pdl\devices/psoc6/include/ip/ -IGenerated_Source\PSoC6\pdl\drivers/peripheral/ -IGenerated_Source\PSoC6\pdl\drivers/peripheral/device/ -IGenerated_Source\PSoC6\pdl\drivers/peripheral/efuse/ -IGenerated_Source\PSoC6\pdl\drivers/peripheral/flash/ -IGenerated_Source\PSoC6\pdl\drivers/peripheral/gpio/ -IGenerated_Source\PSoC6\pdl\drivers/peripheral/ipc/ -IGenerated_Source\PSoC6\pdl\drivers/peripheral/lvd/ -IGenerated_Source\PSoC6\pdl\drivers/peripheral/profile/ -IGenerated_Source\PSoC6\pdl\drivers/peripheral/prot/ -IGenerated_Source\PSoC6\pdl\drivers/peripheral/rtc/ -IGenerated_Source\PSoC6\pdl\drivers/peripheral/scb/ -IGenerated_Source\PSoC6\pdl\drivers/peripheral/sysanalog/ -IGenerated_Source\PSoC6\pdl\drivers/peripheral/sysclk/ -IGenerated_Source\PSoC6\pdl\drivers/peripheral/sysint/ -IGenerated_Source\PSoC6\pdl\drivers/peripheral/syslib/ -IGenerated_Source\PSoC6\pdl\drivers/peripheral/syspm/ -IGenerated_Source\PSoC6\pdl\drivers/peripheral/systick/ -IGenerated_Source\PSoC6\pdl\drivers/peripheral/tcpwm/ -IGenerated_Source\PSoC6\pdl\drivers/peripheral/trigmux/ -IGenerated_Source\PSoC6\pdl\drivers/peripheral/wdt/ -IGenerated_Source\PSoC6\pdl\middleware/ -IGenerated_Source\PSoC6\pdl\middleware/em_eeprom/ -Wa,-alh=.\CortexM4\ARM_GCC_541\Release/main_cm4.lst -g -D NDEBUG -D CY_CORE_ID=0 -D CY_PSOC_CREATOR_USED=1 -D CYBLE_416045_02 -Wall -ffunction-sections -ffat-lto-objects -Os -c main_cm4.c -o .\CortexM4\ARM_GCC_541\Release\main_cm4.o
main_cm4.c: In function 'GeneralEventHandler':
main_cm4.c:179:17: warning: format '%x' expects argument of type 'unsigned int', but argument 3 has type 'uint32 {aka long unsigned int}' [-Wformat=]
     sprintf(str,"receive event 0x%x\n", event);
                 ^
main_cm4.c:179:17: warning: format '%x' expects argument of type 'unsigned int', but argument 3 has type 'uint32 {aka long unsigned int}' [-Wformat=]
main_cm4.c:399:33: warning: format '%d' expects argument of type 'int', but argument 3 has type 'uint32_t {aka long unsigned int}' [-Wformat=]
             sprintf(dbgMessage, "CY_BLE_EVT_GAP_PASSKEY_DISPLAY_REQUEST: %6.6d\r\n", *(uint32_t *)eventParam);
                                 ^
main_cm4.c:399:33: warning: format '%d' expects argument of type 'int', but argument 3 has type 'uint32_t {aka long unsigned int}' [-Wformat=]
main_cm4.c:404:33: warning: format '%u' expects argument of type 'unsigned int', but argument 3 has type 'uint32_t {aka long unsigned int}' [-Wformat=]
             sprintf(dbgMessage, "Compare this passkey with the one displayed in your peer device and press 'y' or 'n':"
                                 ^
main_cm4.c:404:33: warning: format '%u' expects argument of type 'unsigned int', but argument 3 has type 'uint32_t {aka long unsigned int}' [-Wformat=]
main_cm4.c:185:41: warning: variable 'dataHandle' set but not used [-Wunused-but-set-variable]
     cy_stc_ble_gatt_handle_value_pair_t dataHandle;
                                         ^
main_cm4.c:183:12: warning: unused variable 'dataR' [-Wunused-variable]
     uint8 *dataR;
            ^
--------------- Rebuild Succeeded: 06/26/2020 00:26:10 ---------------
